2022-11-16 20:42:31.974  INFO 3812 --- [main] spring.SimpleWebApp                      : Starting SimpleWebApp using Java 1.8.0_202 on DESKTOP-FT913CM with PID 3812 (D:\...\lesson33)
2022-11-16 20:42:31.979  INFO 3812 --- [main] spring.SimpleWebApp                      : No active profile set, falling back to 1 default profile: "default"
2022-11-16 20:42:33.139  INFO 3812 --- [main] .s.d.r.c.RepositoryConfigurationDelegate : Bootstrapping Spring Data JPA repositories in DEFAULT mode.
2022-11-16 20:42:33.236  INFO 3812 --- [main] .s.d.r.c.RepositoryConfigurationDelegate : Finished Spring Data repository scanning in 79 ms. Found 1 JPA repository interfaces.
2022-11-16 20:42:34.837  INFO 3812 --- [main] o.s.b.w.embedded.tomcat.TomcatWebServer  : Tomcat initialized with port(s): 8090 (http)
2022-11-16 20:42:34.859  INFO 3812 --- [main] o.apache.catalina.core.StandardService   : Starting service [Tomcat]
2022-11-16 20:42:34.859  INFO 3812 --- [main] org.apache.catalina.core.StandardEngine  : Starting Servlet engine: [Apache Tomcat/9.0.68]
2022-11-16 20:42:35.288  INFO 3812 --- [main] o.a.c.c.C.[Tomcat].[localhost].[/]       : Initializing Spring embedded WebApplicationContext
2022-11-16 20:42:35.289  INFO 3812 --- [main] w.s.c.ServletWebServerApplicationContext : Root WebApplicationContext: initialization completed in 3222 ms
2022-11-16 20:42:35.548  INFO 3812 --- [main] com.zaxxer.hikari.HikariDataSource       : HikariPool-1 - Starting...
2022-11-16 20:42:36.212  INFO 3812 --- [main] com.zaxxer.hikari.HikariDataSource       : HikariPool-1 - Start completed.
2022-11-16 20:42:36.490  INFO 3812 --- [main] liquibase.database                       : Set default schema name to public
2022-11-16 20:42:36.600  INFO 3812 --- [main] liquibase.lockservice                    : Successfully acquired change log lock
2022-11-16 20:42:37.265  INFO 3812 --- [main] liquibase.changelog                      : Reading from public.databasechangelog
2022-11-16 20:42:37.326  INFO 3812 --- [main] liquibase.lockservice                    : Successfully released change log lock
2022-11-16 20:42:37.625  INFO 3812 --- [main] o.hibernate.jpa.internal.util.LogHelper  : HHH000204: Processing PersistenceUnitInfo [name: default]
2022-11-16 20:42:37.714  INFO 3812 --- [main] org.hibernate.Version                    : HHH000412: Hibernate ORM core version 5.6.12.Final
2022-11-16 20:42:38.040  INFO 3812 --- [main] o.hibernate.annotations.common.Version   : HCANN000001: Hibernate Commons Annotations {5.1.2.Final}
2022-11-16 20:42:38.402  INFO 3812 --- [main] org.hibernate.dialect.Dialect            : HHH000400: Using dialect: org.hibernate.dialect.PostgreSQL10Dialect
2022-11-16 20:42:40.056  INFO 3812 --- [main] o.h.e.t.j.p.i.JtaPlatformInitiator       : HHH000490: Using JtaPlatform implementation: [org.hibernate.engine.transaction.jta.platform.internal.NoJtaPlatform]
2022-11-16 20:42:40.079  INFO 3812 --- [main] j.LocalContainerEntityManagerFactoryBean : Initialized JPA EntityManagerFactory for persistence unit 'default'
2022-11-16 20:42:40.825  WARN 3812 --- [main] JpaBaseConfiguration$JpaWebConfiguration : spring.jpa.open-in-view is enabled by default. Therefore, database queries may be performed during view rendering. Explicitly configure spring.jpa.open-in-view to disable this warning
2022-11-16 20:42:41.088  INFO 3812 --- [main] o.s.b.a.w.s.WelcomePageHandlerMapping    : Adding welcome page template: index
2022-11-16 20:42:41.644  INFO 3812 --- [main] o.s.b.w.embedded.tomcat.TomcatWebServer  : Tomcat started on port(s): 8090 (http) with context path ''
2022-11-16 20:42:41.661  INFO 3812 --- [main] spring.SimpleWebApp                      : Started SimpleWebApp in 10.411 seconds (JVM running for 11.022)
2022-11-16 20:42:42.591  INFO 3812 --- [http-nio-8090-exec-1] o.a.c.c.C.[Tomcat].[localhost].[/]       : Initializing Spring DispatcherServlet 'dispatcherServlet'
2022-11-16 20:42:42.591  INFO 3812 --- [http-nio-8090-exec-1] o.s.web.servlet.DispatcherServlet        : Initializing Servlet 'dispatcherServlet'
2022-11-16 20:42:42.593  INFO 3812 --- [http-nio-8090-exec-1] o.s.web.servlet.DispatcherServlet        : Completed initialization in 2 ms
2022-11-16 20:42:46.313  INFO 3812 --- [http-nio-8090-exec-3] spring.service.PersonService             : Updated person {id=2, firstName='Ivan', lastName='Ivanov'}
